# JRE version: Java(TM) SE Runtime Environment (8.0_45-b14) (build 1.8.0_45-b14)
# Java VM: Java HotSpot(TM) 64-Bit Server VM (25.45-b02 mixed mode linux-amd64 compressed oops)
Heap:
 PSYoungGen      total 68608K, used 321K [0x00000000d6e00000, 0x00000000db600000, 0x0000000100000000)
  eden space 63488K, 0% used [0x00000000d6e00000,0x00000000d6e50650,0x00000000dac00000)
  from space 5120K, 0% used [0x00000000db100000,0x00000000db100000,0x00000000db600000)
  to   space 5120K, 0% used [0x00000000dac00000,0x00000000dac00000,0x00000000db100000)
 ParOldGen       total 1347584K, used 5679K [0x0000000084a00000, 0x00000000d6e00000, 0x00000000d6e00000)
  object space 1347584K, 0% used [0x0000000084a00000,0x0000000084f8bdb8,0x00000000d6e00000)
 Metaspace       used 19684K, capacity 19974K, committed 20352K, reserved 1067008K
  class space    used 2295K, capacity 2416K, committed 2432K, reserved 1048576K
GC Heap History (10 events):
Event: 50,412 GC heap before
{Heap before GC invocations=2 (full 0):
 PSYoungGen      total 36864K, used 29661K [0x00000000d6e00000, 0x00000000db600000, 0x0000000100000000)
  eden space 31744K, 77% used [0x00000000d6e00000,0x00000000d85fe780,0x00000000d8d00000)
  from space 5120K, 99% used [0x00000000d8d00000,0x00000000d91f8f50,0x00000000d9200000)
  to   space 5120K, 0% used [0x00000000db100000,0x00000000db100000,0x00000000db600000)
 ParOldGen       total 1347584K, used 783K [0x0000000084a00000, 0x00000000d6e00000, 0x00000000d6e00000)
  object space 1347584K, 0% used [0x0000000084a00000,0x0000000084ac3ee0,0x00000000d6e00000)
 Metaspace       used 19695K, capacity 19992K, committed 20352K, reserved 1067008K
  class space    used 2299K, capacity 2423K, committed 2432K, reserved 1048576K
Event: 50,424 GC heap after
Heap after GC invocations=2 (full 0):
 PSYoungGen      total 36864K, used 5118K [0x00000000d6e00000, 0x00000000db600000, 0x0000000100000000)
  eden space 31744K, 0% used [0x00000000d6e00000,0x00000000d6e00000,0x00000000d8d00000)
  from space 5120K, 99% used [0x00000000db100000,0x00000000db5ff9b0,0x00000000db600000)
  to   space 5120K, 0% used [0x00000000d8d00000,0x00000000d8d00000,0x00000000d9200000)
 ParOldGen       total 1347584K, used 1641K [0x0000000084a00000, 0x00000000d6e00000, 0x00000000d6e00000)
  object space 1347584K, 0% used [0x0000000084a00000,0x0000000084b9a4c8,0x00000000d6e00000)
 Metaspace       used 19695K, capacity 19992K, committed 20352K, reserved 1067008K
  class space    used 2299K, capacity 2423K, committed 2432K, reserved 1048576K
}
Event: 50,424 GC heap before
{Heap before GC invocations=3 (full 0):
 PSYoungGen      total 36864K, used 5118K [0x00000000d6e00000, 0x00000000db600000, 0x0000000100000000)
  eden space 31744K, 0% used [0x00000000d6e00000,0x00000000d6e00000,0x00000000d8d00000)
  from space 5120K, 99% used [0x00000000db100000,0x00000000db5ff9b0,0x00000000db600000)
  to   space 5120K, 0% used [0x00000000d8d00000,0x00000000d8d00000,0x00000000d9200000)
 ParOldGen       total 1347584K, used 1641K [0x0000000084a00000, 0x00000000d6e00000, 0x00000000d6e00000)
  object space 1347584K, 0% used [0x0000000084a00000,0x0000000084b9a4c8,0x00000000d6e00000)
 Metaspace       used 19695K, capacity 19992K, committed 20352K, reserved 1067008K
  class space    used 2299K, capacity 2423K, committed 2432K, reserved 1048576K
Event: 50,432 GC heap after
Heap after GC invocations=3 (full 0):
 PSYoungGen      total 36864K, used 5100K [0x00000000d6e00000, 0x00000000db600000, 0x0000000100000000)
  eden space 31744K, 0% used [0x00000000d6e00000,0x00000000d6e00000,0x00000000d8d00000)
  from space 5120K, 99% used [0x00000000d8d00000,0x00000000d91fb190,0x00000000d9200000)
  to   space 5120K, 0% used [0x00000000db100000,0x00000000db100000,0x00000000db600000)
 ParOldGen       total 1347584K, used 1705K [0x0000000084a00000, 0x00000000d6e00000, 0x00000000d6e00000)
  object space 1347584K, 0% used [0x0000000084a00000,0x0000000084baa4c8,0x00000000d6e00000)
 Metaspace       used 19695K, capacity 19992K, committed 20352K, reserved 1067008K
  class space    used 2299K, capacity 2423K, committed 2432K, reserved 1048576K
}
Event: 50,432 GC heap before
{Heap before GC invocations=4 (full 1):
 PSYoungGen      total 36864K, used 5100K [0x00000000d6e00000, 0x00000000db600000, 0x0000000100000000)
  eden space 31744K, 0% used [0x00000000d6e00000,0x00000000d6e00000,0x00000000d8d00000)
  from space 5120K, 99% used [0x00000000d8d00000,0x00000000d91fb190,0x00000000d9200000)
  to   space 5120K, 0% used [0x00000000db100000,0x00000000db100000,0x00000000db600000)
 ParOldGen       total 1347584K, used 1705K [0x0000000084a00000, 0x00000000d6e00000, 0x00000000d6e00000)
  object space 1347584K, 0% used [0x0000000084a00000,0x0000000084baa4c8,0x00000000d6e00000)
 Metaspace       used 19695K, capacity 19992K, committed 20352K, reserved 1067008K
  class space    used 2299K, capacity 2423K, committed 2432K, reserved 1048576K
Event: 50,471 GC heap after
Heap after GC invocations=4 (full 1):
 PSYoungGen      total 36864K, used 0K [0x00000000d6e00000, 0x00000000db600000, 0x0000000100000000)
  eden space 31744K, 0% used [0x00000000d6e00000,0x00000000d6e00000,0x00000000d8d00000)
  from space 5120K, 0% used [0x00000000d8d00000,0x00000000d8d00000,0x00000000d9200000)
  to   space 5120K, 0% used [0x00000000db100000,0x00000000db100000,0x00000000db600000)
 ParOldGen       total 39424K, used 5912K [0x0000000084a00000, 0x0000000087080000, 0x00000000d6e00000)
  object space 39424K, 14% used [0x0000000084a00000,0x0000000084fc6140,0x0000000087080000)
 Metaspace       used 19695K, capacity 19992K, committed 20352K, reserved 1067008K
  class space    used 2299K, capacity 2423K, committed 2432K, reserved 1048576K
}
Event: 50,473 GC heap before
{Heap before GC invocations=5 (full 1):
 PSYoungGen      total 36864K, used 0K [0x00000000d6e00000, 0x00000000db600000, 0x0000000100000000)
  eden space 31744K, 0% used [0x00000000d6e00000,0x00000000d6e00000,0x00000000d8d00000)
  from space 5120K, 0% used [0x00000000d8d00000,0x00000000d8d00000,0x00000000d9200000)
  to   space 5120K, 0% used [0x00000000db100000,0x00000000db100000,0x00000000db600000)
 ParOldGen       total 1347584K, used 5912K [0x0000000084a00000, 0x00000000d6e00000, 0x00000000d6e00000)
  object space 1347584K, 0% used [0x0000000084a00000,0x0000000084fc6140,0x00000000d6e00000)
 Metaspace       used 19695K, capacity 19992K, committed 20352K, reserved 1067008K
  class space    used 2299K, capacity 2423K, committed 2432K, reserved 1048576K
Event: 50,474 GC heap after
Heap after GC invocations=5 (full 1):
 PSYoungGen      total 68608K, used 0K [0x00000000d6e00000, 0x00000000db600000, 0x0000000100000000)
  eden space 63488K, 0% used [0x00000000d6e00000,0x00000000d6e00000,0x00000000dac00000)
  from space 5120K, 0% used [0x00000000db100000,0x00000000db100000,0x00000000db600000)
  to   space 5120K, 0% used [0x00000000dac00000,0x00000000dac00000,0x00000000db100000)
 ParOldGen       total 1347584K, used 5912K [0x0000000084a00000, 0x00000000d6e00000, 0x00000000d6e00000)
  object space 1347584K, 0% used [0x0000000084a00000,0x0000000084fc6140,0x00000000d6e00000)
 Metaspace       used 19695K, capacity 19992K, committed 20352K, reserved 1067008K
  class space    used 2299K, capacity 2423K, committed 2432K, reserved 1048576K
}
Event: 50,474 GC heap before
{Heap before GC invocations=6 (full 2):
 PSYoungGen      total 68608K, used 0K [0x00000000d6e00000, 0x00000000db600000, 0x0000000100000000)
  eden space 63488K, 0% used [0x00000000d6e00000,0x00000000d6e00000,0x00000000dac00000)
  from space 5120K, 0% used [0x00000000db100000,0x00000000db100000,0x00000000db600000)
  to   space 5120K, 0% used [0x00000000dac00000,0x00000000dac00000,0x00000000db100000)
 ParOldGen       total 1347584K, used 5912K [0x0000000084a00000, 0x00000000d6e00000, 0x00000000d6e00000)
  object space 1347584K, 0% used [0x0000000084a00000,0x0000000084fc6140,0x00000000d6e00000)
 Metaspace       used 19695K, capacity 19992K, committed 20352K, reserved 1067008K
  class space    used 2299K, capacity 2423K, committed 2432K, reserved 1048576K
Event: 50,521 GC heap after
Heap after GC invocations=6 (full 2):
 PSYoungGen      total 68608K, used 0K [0x00000000d6e00000, 0x00000000db600000, 0x0000000100000000)
  eden space 63488K, 0% used [0x00000000d6e00000,0x00000000d6e00000,0x00000000dac00000)
  from space 5120K, 0% used [0x00000000db100000,0x00000000db100000,0x00000000db600000)
  to   space 5120K, 0% used [0x00000000dac00000,0x00000000dac00000,0x00000000db100000)
 ParOldGen       total 60928K, used 5679K [0x0000000084a00000, 0x0000000088580000, 0x00000000d6e00000)
  object space 60928K, 9% used [0x0000000084a00000,0x0000000084f8bdb8,0x0000000088580000)
 Metaspace       used 19684K, capacity 19974K, committed 20352K, reserved 1067008K
  class space    used 2295K, capacity 2416K, committed 2432K, reserved 1048576K
}

